<?xml version="1.0" encoding="UTF-8"?>
<!-- Generated by org.testng.reporters.JUnitReportReporter -->
<testsuite hostname="corra-374" failures="0" tests="1" name="com.AMRetailAutomationScript.testCases.Browse_Verify_PLP_Elements" time="47.775" errors="0" timestamp="2023-06-12T12:50:14 IST" skipped="0">
  <testcase classname="com.AMRetailAutomationScript.testCases.Browse_Verify_PLP_Elements" name="browse_Verify_PLP_Elements" time="47.775"/>
  <system-out/>
</testsuite> <!-- com.AMRetailAutomationScript.testCases.Browse_Verify_PLP_Elements -->
