<?xml version="1.0" encoding="UTF-8"?>
<!-- Generated by org.testng.reporters.JUnitReportReporter -->
<testsuite hostname="corra-374" failures="0" tests="1" name="com.AMRetailAutomationScript.testCases.Checkout_guest_loggedin_functionality_verification" time="76.003" errors="0" timestamp="2023-05-04T11:21:00 IST" skipped="0">
  <testcase classname="com.AMRetailAutomationScript.testCases.Checkout_guest_loggedin_functionality_verification" name="verifyCheckoutPage" time="76.003"/>
  <system-out/>
</testsuite> <!-- com.AMRetailAutomationScript.testCases.Checkout_guest_loggedin_functionality_verification -->
