<?xml version="1.0" encoding="UTF-8"?>
<!-- Generated by org.testng.reporters.JUnitReportReporter -->
<testsuite hostname="corra-374" failures="0" tests="1" name="com.AMRetailAutomationScript.testCases.Homepage_Elements_Display" time="60.008" errors="0" timestamp="2023-05-24T17:39:01 IST" skipped="0">
  <testcase classname="com.AMRetailAutomationScript.testCases.Homepage_Elements_Display" name="homepage_Elements_Display" time="60.008"/>
  <system-out/>
</testsuite> <!-- com.AMRetailAutomationScript.testCases.Homepage_Elements_Display -->
