<?xml version="1.0" encoding="UTF-8"?>
<!-- Generated by org.testng.reporters.JUnitReportReporter -->
<testsuite hostname="corra-374" failures="0" tests="1" name="com.AMRetailAutomationScript.testCases.PDPPageTest" time="63.639" errors="0" timestamp="2023-05-04T11:46:12 IST" skipped="0">
  <testcase classname="com.AMRetailAutomationScript.testCases.PDPPageTest" name="verifyPDPPage" time="63.639"/>
  <system-out/>
</testsuite> <!-- com.AMRetailAutomationScript.testCases.PDPPageTest -->
