<?xml version="1.0" encoding="UTF-8"?>
<!-- Generated by org.testng.reporters.JUnitReportReporter -->
<testsuite hostname="corra-374" failures="0" tests="1" name="com.AMRetailDonnnakaranAutomationScript.testCases.Homepage_Elements_Display" time="42.681" errors="0" timestamp="2023-07-11T10:11:03 IST" skipped="0">
  <testcase classname="com.AMRetailDonnnakaranAutomationScript.testCases.Homepage_Elements_Display" name="homepage_Elements_Display" time="42.681"/>
  <system-out/>
</testsuite> <!-- com.AMRetailDonnnakaranAutomationScript.testCases.Homepage_Elements_Display -->
