<?xml version="1.0" encoding="UTF-8"?>
<!-- Generated by org.testng.reporters.JUnitReportReporter -->
<testsuite hostname="corra-374" failures="0" tests="1" name="com.AMRetailDonnnakaranAutomationScript.testCases.Checkout_Sections_Functionality" time="97.629" errors="0" timestamp="2023-07-13T10:58:04 IST" skipped="0">
  <testcase classname="com.AMRetailDonnnakaranAutomationScript.testCases.Checkout_Sections_Functionality" name="checkoutfunctionalityverification" time="97.629"/>
  <system-out/>
</testsuite> <!-- com.AMRetailDonnnakaranAutomationScript.testCases.Checkout_Sections_Functionality -->
