<?xml version="1.0" encoding="UTF-8"?>
<!-- Generated by org.testng.reporters.JUnitReportReporter -->
<testsuite hostname="corra-374" failures="0" tests="1" name="com.AMRetailDonnnakaranAutomationScript.testCases.PDPPage_Minicart_Shoppingcart_Display" time="54.182" errors="0" timestamp="2023-07-13T09:44:44 IST" skipped="0">
  <testcase classname="com.AMRetailDonnnakaranAutomationScript.testCases.PDPPage_Minicart_Shoppingcart_Display" name="pdpPage_Minicart_Shoppingcart_Display" time="54.182"/>
  <system-out/>
</testsuite> <!-- com.AMRetailDonnnakaranAutomationScript.testCases.PDPPage_Minicart_Shoppingcart_Display -->
