<?xml version="1.0" encoding="UTF-8"?>
<!-- Generated by org.testng.reporters.JUnitReportReporter -->
<testsuite hostname="corra-374" failures="0" tests="1" name="com.AMRetailDonnnakaranAutomationScript.testCases.MyAccountPageLinksDisplay" time="47.576" errors="0" timestamp="2023-07-11T10:12:16 IST" skipped="0">
  <testcase classname="com.AMRetailDonnnakaranAutomationScript.testCases.MyAccountPageLinksDisplay" name="myAccountPageLinksDisplay" time="47.576"/>
  <system-out/>
</testsuite> <!-- com.AMRetailDonnnakaranAutomationScript.testCases.MyAccountPageLinksDisplay -->
