<?xml version="1.0" encoding="UTF-8"?>
<!-- Generated by org.testng.reporters.JUnitReportReporter -->
<testsuite hostname="corra-374" failures="0" tests="1" name="com.AMRetailDonnnakaranAutomationScript.testCases.Createaccount_Login_Logout_Functionality" time="85.820" errors="0" timestamp="2023-07-11T10:08:21 IST" skipped="0">
  <testcase classname="com.AMRetailDonnnakaranAutomationScript.testCases.Createaccount_Login_Logout_Functionality" name="createaccount_Login_Logout_Functionality" time="85.820"/>
  <system-out/>
</testsuite> <!-- com.AMRetailDonnnakaranAutomationScript.testCases.Createaccount_Login_Logout_Functionality -->
