<?xml version="1.0" encoding="UTF-8"?>
<!-- Generated by org.testng.reporters.JUnitReportReporter -->
<testsuite hostname="corra-374" failures="0" tests="1" name="com.AMRetailDonnnakaranAutomationScript.testCases.Browse_Verify_PLP_Elements" time="41.776" errors="0" timestamp="2023-07-12T18:30:00 IST" skipped="0">
  <testcase classname="com.AMRetailDonnnakaranAutomationScript.testCases.Browse_Verify_PLP_Elements" name="browse_Verify_PLP_Elements" time="41.776"/>
  <system-out/>
</testsuite> <!-- com.AMRetailDonnnakaranAutomationScript.testCases.Browse_Verify_PLP_Elements -->
