<?xml version="1.0" encoding="UTF-8"?>
<!-- Generated by org.testng.reporters.JUnitReportReporter -->
<testsuite hostname="corra-374" failures="0" tests="1" name="com.AMRetailAutomationScript.testCases.PDPPage_Minicart_Shoppingcart_Display" time="51.216" errors="0" timestamp="2023-07-11T21:36:33 IST" skipped="0">
  <testcase classname="com.AMRetailAutomationScript.testCases.PDPPage_Minicart_Shoppingcart_Display" name="pdpPage_Minicart_Shoppingcart_Display" time="51.216"/>
  <system-out/>
</testsuite> <!-- com.AMRetailAutomationScript.testCases.PDPPage_Minicart_Shoppingcart_Display -->
