<?xml version="1.0" encoding="UTF-8"?>
<!-- Generated by org.testng.reporters.JUnitReportReporter -->
<testsuite hostname="corra-374" failures="0" tests="1" name="com.AMRetailAutomationScript.testCases.MyAccountPageLinksDisplay" time="40.341" errors="0" timestamp="2023-07-11T21:34:59 IST" skipped="0">
  <testcase classname="com.AMRetailAutomationScript.testCases.MyAccountPageLinksDisplay" name="myAccountPageLinksDisplay" time="40.341"/>
  <system-out/>
</testsuite> <!-- com.AMRetailAutomationScript.testCases.MyAccountPageLinksDisplay -->
