<?xml version="1.0" encoding="UTF-8"?>
<!-- Generated by org.testng.reporters.JUnitReportReporter -->
<testsuite hostname="corra-374" failures="0" tests="3" name="com.AMRetailkarllagerfeldparis.testCases.Createaccount_Login_Logout_Invalidlogin_Functionality_Test" time="80.687" errors="0" timestamp="2023-05-11T17:54:10 IST" skipped="0">
  <testcase classname="com.AMRetailkarllagerfeldparis.testCases.Createaccount_Login_Logout_Invalidlogin_Functionality_Test" name="create_Account" time="39.886"/>
  <system-out/>
  <testcase classname="com.AMRetailkarllagerfeldparis.testCases.Createaccount_Login_Logout_Invalidlogin_Functionality_Test" name="valid_user_login" time="34.660"/>
  <system-out/>
  <testcase classname="com.AMRetailkarllagerfeldparis.testCases.Createaccount_Login_Logout_Invalidlogin_Functionality_Test" name="invalid_user_login" time="6.141"/>
  <system-out/>
</testsuite> <!-- com.AMRetailkarllagerfeldparis.testCases.Createaccount_Login_Logout_Invalidlogin_Functionality_Test -->
