<?xml version="1.0" encoding="UTF-8"?>
<!-- Generated by org.testng.reporters.JUnitReportReporter -->
<testsuite hostname="corra-374" failures="0" tests="1" name="com.AMRetailkarllagerfeldparis.testCases.Browse_Verify_PLP_Elements" time="44.834" errors="0" timestamp="2023-07-11T18:26:20 IST" skipped="0">
  <testcase classname="com.AMRetailkarllagerfeldparis.testCases.Browse_Verify_PLP_Elements" name="Browse_Verify_PLP_Elements_Functionality" time="44.834"/>
  <system-out/>
</testsuite> <!-- com.AMRetailkarllagerfeldparis.testCases.Browse_Verify_PLP_Elements -->
