<?xml version="1.0" encoding="UTF-8"?>
<!-- Generated by org.testng.reporters.JUnitReportReporter -->
<testsuite hostname="corra-374" failures="0" tests="1" name="com.AMRetailkarllagerfeldparis.testCases.CheckoutSectionsFunctionality" time="55.928" errors="0" timestamp="2023-07-11T18:36:42 IST" skipped="0">
  <testcase classname="com.AMRetailkarllagerfeldparis.testCases.CheckoutSectionsFunctionality" name="checkout_guestuser_functionality" time="55.928"/>
  <system-out/>
</testsuite> <!-- com.AMRetailkarllagerfeldparis.testCases.CheckoutSectionsFunctionality -->
