<?xml version="1.0" encoding="UTF-8"?>
<!-- Generated by org.testng.reporters.JUnitReportReporter -->
<testsuite hostname="corra-374" failures="0" tests="1" name="com.AMRetailkarllagerfeldparis.testCases.MyAccountPageTest" time="39.875" errors="0" timestamp="2023-05-05T11:31:15 IST" skipped="0">
  <testcase classname="com.AMRetailkarllagerfeldparis.testCases.MyAccountPageTest" name="verifyMyAccount" time="39.875"/>
  <system-out/>
</testsuite> <!-- com.AMRetailkarllagerfeldparis.testCases.MyAccountPageTest -->
