<?xml version="1.0" encoding="UTF-8"?>
<!-- Generated by org.testng.reporters.JUnitReportReporter -->
<testsuite hostname="corra-374" failures="0" tests="1" name="com.AMRetailkarllagerfeldparis.testCases.MyAccountPageLinksDisplay" time="42.174" errors="0" timestamp="2023-07-11T18:31:28 IST" skipped="0">
  <testcase classname="com.AMRetailkarllagerfeldparis.testCases.MyAccountPageLinksDisplay" name="myAccountPageLinkDisplay" time="42.174"/>
  <system-out/>
</testsuite> <!-- com.AMRetailkarllagerfeldparis.testCases.MyAccountPageLinksDisplay -->
