<?xml version="1.0" encoding="UTF-8"?>
<!-- Generated by org.testng.reporters.JUnitReportReporter -->
<testsuite hostname="corra-374" failures="0" tests="1" name="com.AMRetailkarllagerfeldparis.testCases.PLPPageTest" time="52.757" errors="0" timestamp="2023-05-08T11:25:12 IST" skipped="0">
  <testcase classname="com.AMRetailkarllagerfeldparis.testCases.PLPPageTest" name="verifyPLP" time="52.757"/>
  <system-out/>
</testsuite> <!-- com.AMRetailkarllagerfeldparis.testCases.PLPPageTest -->
