<?xml version="1.0" encoding="UTF-8"?>
<!-- Generated by org.testng.reporters.JUnitReportReporter -->
<testsuite hostname="corra-374" failures="0" tests="1" name="com.AMRetailkarllagerfeldparis.testCases.MyAccountPageLinksDisplayTest" time="39.767" errors="0" timestamp="2023-05-11T17:56:07 IST" skipped="0">
  <testcase classname="com.AMRetailkarllagerfeldparis.testCases.MyAccountPageLinksDisplayTest" name="verifyMyAccountDisplay" time="39.767"/>
  <system-out/>
</testsuite> <!-- com.AMRetailkarllagerfeldparis.testCases.MyAccountPageLinksDisplayTest -->
