<?xml version="1.0" encoding="UTF-8"?>
<!-- Generated by org.testng.reporters.JUnitReportReporter -->
<testsuite hostname="corra-374" failures="0" tests="1" name="com.AMRetailkarllagerfeldparis.testCases.HomePageElementsDisplay" time="42.801" errors="0" timestamp="2023-07-11T18:30:02 IST" skipped="0">
  <testcase classname="com.AMRetailkarllagerfeldparis.testCases.HomePageElementsDisplay" name="homepageElementsDisplay_storelocator_browsecmspages" time="42.801"/>
  <system-out/>
</testsuite> <!-- com.AMRetailkarllagerfeldparis.testCases.HomePageElementsDisplay -->
