<?xml version="1.0" encoding="UTF-8"?>
<!-- Generated by org.testng.reporters.JUnitReportReporter -->
<testsuite hostname="corra-374" failures="0" tests="1" name="com.AMRetailkarllagerfeldparis.testCases.PDPPage_Minicart_Shoppingcart_Display" time="75.084" errors="0" timestamp="2023-07-11T20:21:10 IST" skipped="0">
  <testcase classname="com.AMRetailkarllagerfeldparis.testCases.PDPPage_Minicart_Shoppingcart_Display" name="pdpPage_Minicart_Shoppingcart_Display" time="75.084"/>
  <system-out/>
</testsuite> <!-- com.AMRetailkarllagerfeldparis.testCases.PDPPage_Minicart_Shoppingcart_Display -->
