<?xml version="1.0" encoding="UTF-8"?>
<!-- Generated by org.testng.reporters.JUnitReportReporter -->
<testsuite hostname="corra-374" failures="0" tests="1" name="com.AMRetailkarllagerfeldparis.testCases.LoginPageTest" time="62.240" errors="0" timestamp="2023-05-08T11:45:51 IST" skipped="0">
  <testcase classname="com.AMRetailkarllagerfeldparis.testCases.LoginPageTest" name="loginTest" time="62.240"/>
  <system-out/>
</testsuite> <!-- com.AMRetailkarllagerfeldparis.testCases.LoginPageTest -->
