<?xml version="1.0" encoding="UTF-8"?>
<!-- Generated by org.testng.reporters.JUnitReportReporter -->
<testsuite hostname="corra-374" failures="0" tests="1" name="com.AMRetailkarllagerfeldparis.testCases.Createaccount_Login_Logout_Functionality" time="63.333" errors="0" timestamp="2023-07-11T18:28:10 IST" skipped="0">
  <testcase classname="com.AMRetailkarllagerfeldparis.testCases.Createaccount_Login_Logout_Functionality" name="createaccount_Login_Logout_Functionality" time="63.333"/>
  <system-out/>
</testsuite> <!-- com.AMRetailkarllagerfeldparis.testCases.Createaccount_Login_Logout_Functionality -->
