<?xml version="1.0" encoding="UTF-8"?>
<!-- Generated by org.testng.reporters.JUnitReportReporter -->
<testsuite hostname="corra-374" failures="0" tests="1" name="com.AMRetailkarllagerfeldparis.testCases.HomePageElementsDisplayVerification" time="39.242" errors="0" timestamp="2023-05-11T17:55:11 IST" skipped="0">
  <testcase classname="com.AMRetailkarllagerfeldparis.testCases.HomePageElementsDisplayVerification" name="homepageElementsDisplay_storelocator_browsecmspages" time="39.242"/>
  <system-out/>
</testsuite> <!-- com.AMRetailkarllagerfeldparis.testCases.HomePageElementsDisplayVerification -->
