<?xml version="1.0" encoding="UTF-8"?>
<!-- Generated by org.testng.reporters.JUnitReportReporter -->
<testsuite hostname="corra-374" failures="0" tests="1" name="com.AMRetailAndrewMarcAutomationScript.testCases.PDPPage_Minicart_Shoppingcart_Display" time="57.564" errors="0" timestamp="2023-07-12T21:29:43 IST" skipped="0">
  <testcase classname="com.AMRetailAndrewMarcAutomationScript.testCases.PDPPage_Minicart_Shoppingcart_Display" name="pdpPage_Minicart_Shoppingcart_Display" time="57.564"/>
  <system-out/>
</testsuite> <!-- com.AMRetailAndrewMarcAutomationScript.testCases.PDPPage_Minicart_Shoppingcart_Display -->
