<?xml version="1.0" encoding="UTF-8"?>
<!-- Generated by org.testng.reporters.JUnitReportReporter -->
<testsuite hostname="corra-374" failures="0" tests="1" name="com.AMRetailAndrewMarcAutomationScript.testCases.Browse_Verify_PLP_Elements" time="56.153" errors="0" timestamp="2023-07-14T15:30:05 IST" skipped="0">
  <testcase classname="com.AMRetailAndrewMarcAutomationScript.testCases.Browse_Verify_PLP_Elements" name="browse_Verify_PLP_Elements" time="56.153"/>
  <system-out/>
</testsuite> <!-- com.AMRetailAndrewMarcAutomationScript.testCases.Browse_Verify_PLP_Elements -->
