<?xml version="1.0" encoding="UTF-8"?>
<!-- Generated by org.testng.reporters.JUnitReportReporter -->
<testsuite hostname="corra-374" failures="0" tests="1" name="com.AMRetailAndrewMarcAutomationScript.testCases.Createaccount_Login_Logout_Functionality" time="109.383" errors="0" timestamp="2023-07-12T16:23:11 IST" skipped="0">
  <testcase classname="com.AMRetailAndrewMarcAutomationScript.testCases.Createaccount_Login_Logout_Functionality" name="createaccount_Login_Logout_Functionality" time="109.383"/>
  <system-out/>
</testsuite> <!-- com.AMRetailAndrewMarcAutomationScript.testCases.Createaccount_Login_Logout_Functionality -->
