<?xml version="1.0" encoding="UTF-8"?>
<!-- Generated by org.testng.reporters.JUnitReportReporter -->
<testsuite hostname="corra-374" failures="0" tests="1" name="com.AMRetailAndrewMarcAutomationScript.testCases.MyAccountPageLinksDisplay" time="47.747" errors="0" timestamp="2023-07-12T16:35:31 IST" skipped="0">
  <testcase classname="com.AMRetailAndrewMarcAutomationScript.testCases.MyAccountPageLinksDisplay" name="myAccountPageLinksDisplay" time="47.747"/>
  <system-out/>
</testsuite> <!-- com.AMRetailAndrewMarcAutomationScript.testCases.MyAccountPageLinksDisplay -->
