<?xml version="1.0" encoding="UTF-8"?>
<!-- Generated by org.testng.reporters.JUnitReportReporter -->
<testsuite hostname="corra-374" failures="0" tests="1" name="com.AMRetailAutomationScript.testCases.Browse_Verify_PLP_Elements" time="47.811" errors="0" timestamp="2023-07-11T21:55:32 IST" skipped="0">
  <testcase classname="com.AMRetailAutomationScript.testCases.Browse_Verify_PLP_Elements" name="browse_Verify_PLP_Elements" time="47.811"/>
  <system-out/>
</testsuite> <!-- com.AMRetailAutomationScript.testCases.Browse_Verify_PLP_Elements -->
