<?xml version="1.0" encoding="UTF-8"?>
<!-- Generated by org.testng.reporters.JUnitReportReporter -->
<testsuite hostname="corra-374" failures="0" tests="1" name="com.AMRetailAutomationScript.testCases.Createaccount_Login_Logout_Functionality" time="71.690" errors="0" timestamp="2023-07-12T11:55:46 IST" skipped="0">
  <testcase classname="com.AMRetailAutomationScript.testCases.Createaccount_Login_Logout_Functionality" name="createaccount_Login_Logout_Functionality" time="71.690"/>
  <system-out/>
</testsuite> <!-- com.AMRetailAutomationScript.testCases.Createaccount_Login_Logout_Functionality -->
