<?xml version="1.0" encoding="UTF-8"?>
<!-- Generated by org.testng.reporters.JUnitReportReporter -->
<testsuite hostname="corra-374" failures="0" tests="1" name="com.AMRetailAutomationScript.testCases.Checkout_Sections_Functionality" time="77.079" errors="0" timestamp="2023-07-12T11:07:47 IST" skipped="0">
  <testcase classname="com.AMRetailAutomationScript.testCases.Checkout_Sections_Functionality" name="checkoutfunctionalityverification" time="77.079"/>
  <system-out/>
</testsuite> <!-- com.AMRetailAutomationScript.testCases.Checkout_Sections_Functionality -->
